(3327) Semaphores initialized: 26 0
(3328) Ready to roll
(3329) Ready to roll
(3334) Ready to roll
(3330) Ready to roll
(3331) Ready to roll
(3336) Ready to roll
(3332) Ready to roll
(3333) Ready to roll
(3335) Ready to roll
(3339) Ready to roll
(3337) Ready to roll
(3340) Ready to roll
(3341) Ready to roll
(3342) Ready to roll
(3338) Ready to roll
(3343) Ready to roll
(3344) Ready to roll
(3345) Ready to roll
(3346) Ready to roll
(3347) Ready to roll
(3348) Ready to roll
(3349) Ready to roll
(3350) Ready to roll
(3351) Ready to roll
(3352) Ready to roll
(3353) Ready to roll
(3328) Loaded
(3330) Loaded
(3334) Loaded
(3349) Loaded
(3329) Loaded
(3351) Loaded
(3340) Loaded
(3345) Loaded
(3333) Loaded
(3347) Loaded
(3331) Loaded
(3343) Loaded
(3342) Loaded
(3350) Loaded
(3348) Loaded
(3339) Loaded
(3346) Loaded
(3352) Loaded
(3337) Loaded
(3353) Loaded
(3344) Loaded
(3338) Loaded
(3335) Loaded
(3332) Loaded
(3341) Loaded
(3336) Loaded
(3353) Round: 1, alive: 26
(3349) Starting to shoot
(3334) Starting to shoot
(3328) Starting to shoot
(3351) Starting to shoot
(3331) Starting to shoot
(3352) Starting to shoot
(3330) Starting to shoot
(3332) Starting to shoot
(3329) Starting to shoot
(3340) Starting to shoot
(3350) Starting to shoot
(3348) Starting to shoot
(3346) Starting to shoot
(3344) Starting to shoot
(3342) Starting to shoot
(3341) Starting to shoot
(3343) Starting to shoot
(3353) Starting to shoot
(3336) Starting to shoot
(3339) Starting to shoot
(3345) Starting to shoot
(3333) Starting to shoot
(3337) Starting to shoot
(3335) Starting to shoot
(3338) Starting to shoot
(3347) Starting to shoot
(3341) Shot to O
(3337) Shot to H
(3331) Shot to B
(3332) Shot to K
(3334) Shot to C
(3333) Shot to K
(3349) Shot to P
(3352) Shot to Q
(3350) Shot to P
(3343) Shot to Y
(3347) Shot to Y
(3328) Shot to O
(3342) Shot to T
(3335) Shot to M
(3353) Shot to S
(3344) Shot to M
(3346) Shot to A
(3336) Shot to O
(3345) Shot to B
(3329) Shot to U
(3340) Shot to T
(3339) Shot to X
(3330) Shot to T
(3351) Shot to H
(3338) Shot to U
(3348) Shot to H
(3341) Semaphore 2 value: 26
(3332) Semaphore 2 value: 23
(3333) Semaphore 2 value: 19
(3350) Semaphore 2 value: 14
(3339) Semaphore 2 value: 14
(3337) Semaphore 2 value: 14
(3334) Semaphore 2 value: 14
(3331) Semaphore 2 value: 14
(3349) Semaphore 2 value: 14
(3345) Semaphore 2 value: 14
(3336) Semaphore 2 value: 14
(3353) Semaphore 2 value: 14
(3348) Semaphore 2 value: 13
(3352) Semaphore 2 value: 12
(3342) Semaphore 2 value: 11
(3346) Semaphore 2 value: 10
(3329) Semaphore 2 value: 9
(3328) Semaphore 2 value: 8
(3335) Semaphore 2 value: 7
(3330) Semaphore 2 value: 6
(3351) Semaphore 2 value: 5
(3347) Semaphore 2 value: 4
(3338) Semaphore 2 value: 3
(3343) Semaphore 2 value: 2
(3344) Semaphore 2 value: 1
(3340) Semaphore 2 value: 0
(3353) Round: 2, alive: 12
(3341) Starting to shoot
(3332) Starting to shoot
(3349) Starting to shoot
(3337) Starting to shoot
(3331) Starting to shoot
(3345) Starting to shoot
(3353) Starting to shoot
(3334) Starting to shoot
(3339) Starting to shoot
(3336) Starting to shoot
(3333) Starting to shoot
(3350) Starting to shoot
(3350) Shot to V
(3337) Shot to G
(3331) Shot to F
(3339) Shot to J
(3332) Shot to J
(3345) Shot to V
(3341) Shot to R
(3353) Shot to N
(3336) Shot to N
(3334) Shot to N
(3333) Shot to R
(3349) Shot to F
(3331) Semaphore 2 value: 12
(3332) Semaphore 2 value: 11
(3339) Semaphore 2 value: 9
(3353) Semaphore 2 value: 7
(3336) Semaphore 2 value: 6
(3350) Semaphore 2 value: 6
(3337) Semaphore 2 value: 5
(3349) Semaphore 2 value: 4
(3345) Semaphore 2 value: 3
(3341) Semaphore 2 value: 2
(3334) Semaphore 2 value: 1
(3333) Semaphore 2 value: 0
(3353) Round: 3, alive: 6
(3339) Starting to shoot
(3331) Starting to shoot
(3332) Starting to shoot
(3350) Starting to shoot
(3353) Starting to shoot
(3336) Starting to shoot
(3332) Shot to D
(3339) Shot to I
(3331) Shot to I
(3353) Shot to I
(3350) Shot to I
(3336) Shot to W
(3339) Semaphore 2 value: 4
(3332) Semaphore 2 value: 4
(3353) Semaphore 2 value: 3
(3331) Semaphore 2 value: 2
(3350) Semaphore 2 value: 1
(3336) Semaphore 2 value: 0
(3353) Round: 4, alive: 3
(3332) Starting to shoot
(3332) Shot to L
(3339) Starting to shoot
(3339) Shot to Z
(3353) Starting to shoot
(3353) Shot to L
(3332) Semaphore 2 value: 3
(3339) Semaphore 2 value: 2
(3353) Semaphore 2 value: 0
